\BOOKMARK [1][-]{section*.1}{\376\377\006\052\006\064\006\251\006\061\000\040\006\106\006\047\006\105\006\107}{}% ۱
\BOOKMARK [1][-]{section*.2}{\376\377\006\052\006\110\006\066\006\055\006\047\006\052\000\040\006\104\006\047\006\062\006\105}{}% ۲
\BOOKMARK [1][-]{section*.6}{\376\377\006\101\006\107\006\061\006\063\006\052\000\040\006\107\006\105\006\251\006\047\006\061\006\047\006\106\000\040\006\110\000\040\006\105\006\064\006\047\006\061\006\251\006\052\000\040\006\251\006\106\006\106\006\057\006\257\006\047\006\106}{}% ۳
\BOOKMARK [0][-]{chapter.1}{\376\377\006\105\006\102\006\057\006\105\006\107\000:\000\040\006\105\006\047\006\064\006\314\006\106\040\014\006\107\006\047\006\314\000\040\006\047\006\056\006\104\006\047\006\102\006\314}{}% ۴
\BOOKMARK [1][-]{section*.8}{\376\377\006\105\006\047\006\064\006\314\006\106\040\014\006\107\006\047\006\314\000\040\006\047\006\056\006\104\006\047\006\102\006\314}{chapter.1}% ۵
\BOOKMARK [1][-]{section*.9}{\376\377\006\071\006\104\006\105\000\040\006\057\006\047\006\057\006\107\000\040\006\206\006\314\006\063\006\052\006\037}{chapter.1}% ۶
\BOOKMARK [1][-]{section*.10}{\376\377\006\105\006\110\006\047\006\061\006\057\000\040\006\105\006\067\006\047\006\104\006\071\006\047\006\052\006\314}{chapter.1}% ۷
\BOOKMARK [2][-]{section*.11}{\376\377\006\105\006\110\006\061\006\057\006\361\000\040\000-\000\040\006\047\006\056\006\104\006\047\006\102\000\040\006\052\006\055\006\102\006\314\006\102\000\040\006\110\000\040\006\061\006\110\006\064\000\040\006\071\006\104\006\105\006\314}{section*.10}% ۸
\BOOKMARK [2][-]{section*.12}{\376\377\006\105\006\110\006\061\006\057\006\362\000\040\000-\000\040\006\105\006\057\006\104\040\014\006\107\006\047\006\314\000\040\006\105\006\047\006\064\006\314\006\106\000\040\006\057\006\061\000\040\006\057\006\047\006\057\006\257\006\047\006\107}{section*.10}% ۹
\BOOKMARK [2][-]{section*.13}{\376\377\006\105\006\110\006\061\006\057\006\363\000\040\000-\000\040\006\061\006\063\006\047\006\106\006\107\040\014\006\107\006\047\006\314\000\040\006\063\006\047\006\056\006\052\006\257\006\314\000\040\006\110\000\040\006\056\006\064\006\110\006\106\006\052\000\040\006\063\006\314\006\047\006\063\006\314}{section*.10}% ۱۰
\BOOKMARK [2][-]{section*.16}{\376\377\006\105\006\110\006\061\006\057\006\364\000\040\000-\000\040\006\050\006\314\006\110\006\105\006\052\006\061\006\314\006\251\000\040\006\110\000\040\006\052\006\064\006\056\006\065\006\314\000\040\006\206\006\107\006\061\006\107}{section*.10}% ۱۱
\BOOKMARK [2][-]{section*.17}{\376\377\006\105\006\110\006\061\006\057\006\365\000\040\000-\000\040\006\052\006\071\006\057\006\314\006\104\000\040\006\105\006\055\006\052\006\110\006\047\000:\000\040\006\063\006\056\006\106\006\061\006\047\006\106\006\314\000\040\006\056\006\067\006\061\006\106\006\047\006\251\000\040\006\110\000\040\006\176\006\047\006\251\006\063\006\047\006\062\006\314\000\040\006\102\006\110\006\105\006\314\000\040\006\057\006\061\000\040\006\105\006\314\006\047\006\106\006\105\006\047\006\061}{section*.10}% ۱۲
\BOOKMARK [2][-]{section*.18}{\376\377\006\105\006\110\006\061\006\057\006\366\000\040\000-\000\040\006\050\006\057\006\047\006\101\006\062\006\047\006\061\000\040\006\060\006\107\006\106\006\314\000:\000\040\006\047\006\104\006\257\006\110\006\061\006\314\006\052\006\105\040\014\006\107\006\047\000\040\006\110\000\040\006\105\006\071\006\105\006\047\006\061\006\314\000\040\006\047\006\106\006\052\006\056\006\047\006\050}{section*.10}% ۱۳
\BOOKMARK [2][-]{section*.20}{\376\377\006\105\006\110\006\061\006\057\006\367\000\040\000-\000\040\006\107\006\110\006\064\040\014\006\105\006\065\006\106\006\110\006\071\006\314\000\040\006\110\000\040\006\105\006\110\006\054\006\110\006\057\006\047\006\052\000\040\006\072\006\314\006\061\000\040\006\047\006\106\006\063\006\047\006\106}{section*.10}% ۱۴
\BOOKMARK [0][-]{chapter.2}{\376\377\006\105\006\102\006\057\006\105\006\107\000\040\006\047\006\314\000\040\006\050\006\061\000\040\006\061\006\110\006\314\006\251\006\061\006\057\006\107\006\047\006\314\000\040\006\047\006\056\006\104\006\047\006\102\006\314\000\040\006\057\006\061\000\040\006\071\006\104\006\105\000\040\006\057\006\047\006\057\006\107}{}% ۱۵
\BOOKMARK [1][-]{section*.22}{\376\377\006\105\006\102\006\057\006\105\006\107}{chapter.2}% ۱۶
\BOOKMARK [1][-]{section*.23}{\376\377\006\061\006\101\006\052\006\047\006\061\000\040\006\106\006\052\006\314\006\054\006\107\000\040\006\257\006\061\006\047\006\314\006\314\000\040\006\110\000\040\006\101\006\047\006\314\006\057\006\107\040\014\006\257\006\061\006\047\006\314\006\314}{chapter.2}% ۱۷
\BOOKMARK [2][-]{section*.25}{\376\377\006\047\006\071\006\052\006\061\006\047\006\066\006\047\006\052\000\040\006\061\006\047\006\314\006\054\000\040\006\050\006\107\000\040\006\063\006\110\006\057\006\257\006\061\006\047\006\314\006\314}{section*.23}% ۱۸
\BOOKMARK [2][-]{section*.26}{\376\377\006\052\006\110\006\065\006\314\006\107\040\014\006\107\006\047\006\314\006\314\000\040\006\050\006\061\006\047\006\314\000\040\006\050\006\107\000\040\006\251\006\047\006\061\006\257\006\314\006\061\006\314\000\040\006\065\006\055\006\314\006\055\000\040\006\047\006\065\006\110\006\104\000\040\006\063\006\110\006\057\006\105\006\106\006\057\006\314}{section*.23}% ۱۹
\BOOKMARK [3][-]{section*.27}{\376\377\006\257\006\063\006\052\006\061\006\057\006\107\000\040\006\052\006\061\000\040\006\110\000\040\006\067\006\110\006\104\006\047\006\106\006\314\000\040\006\052\006\061\000\040\006\101\006\251\006\061\000\040\006\251\006\106\006\314\006\057}{section*.26}% ۲۰
\BOOKMARK [3][-]{section*.28}{\376\377\006\047\006\062\000\040\006\047\006\061\006\062\006\064\040\014\006\107\006\047\006\314\000\040\006\105\006\110\006\061\006\057\000\040\006\047\006\106\006\052\006\070\006\047\006\061\000\040\006\050\006\061\006\047\006\314\000\040\006\052\006\065\006\105\006\314\006\105\000\040\006\257\006\314\006\061\006\314\000\040\006\047\006\063\006\052\006\101\006\047\006\057\006\107\000\040\006\251\006\106\006\314\006\057}{section*.26}% ۲۱
\BOOKMARK [3][-]{section*.29}{\376\377\006\057\006\061\000\040\006\047\006\106\006\052\006\056\006\047\006\050\000\040\006\176\006\061\006\110\006\230\006\107\040\014\006\107\006\047\006\314\000\040\006\056\006\314\006\061\006\314\006\107\006\014\000\040\006\176\006\061\006\110\006\230\006\107\040\014\006\107\006\047\006\314\000\040\000\050\006\105\006\110\006\047\006\061\006\057\000\051\000\040\006\105\006\110\006\053\006\061\000\040\006\061\006\047\000\040\006\047\006\106\006\052\006\056\006\047\006\050\000\040\006\251\006\106\006\314\006\057}{section*.26}% ۲۲
\BOOKMARK [1][-]{section*.30}{\376\377\006\047\006\056\006\104\006\047\006\102\000\040\006\057\006\046\006\110\006\106\006\052\006\110\006\104\006\110\006\230\006\314\006\251}{chapter.2}% ۲۳
\BOOKMARK [1][-]{section*.31}{\376\377\006\047\006\056\006\104\006\047\006\102\000\040\006\101\006\066\006\314\006\104\006\052}{chapter.2}% ۲۴
\BOOKMARK [1][-]{section*.32}{\376\377\006\047\006\056\006\104\006\047\006\102\000\040\006\042\006\101\006\061\006\314\006\102\006\047\006\314\006\314}{chapter.2}% ۲۵
\BOOKMARK [1][-]{section*.33}{\376\377\006\047\006\056\006\104\006\047\006\102\000\040\006\050\006\110\006\057\006\047\006\314\006\314}{chapter.2}% ۲۶
\BOOKMARK [1][-]{section*.34}{\376\377\006\047\006\056\006\104\006\047\006\102\000\040\006\050\006\110\006\105\006\314\000\040\006\110\000\040\006\101\006\067\006\061\006\314\000:\000\040\006\251\006\106\006\064\040\014\006\107\006\047\000\040\006\050\006\107\000\040\006\105\006\053\006\047\006\050\006\107\000\040\006\052\006\071\006\047\006\105\006\104}{chapter.2}% ۲۷
\BOOKMARK [0][-]{chapter.3}{\376\377\006\047\006\056\006\104\006\047\006\102\000\040\006\052\006\055\006\102\006\314\006\102\000\040\006\110\000\040\006\061\006\110\006\064\000\040\006\071\006\104\006\105\006\314}{}% ۲۸
\BOOKMARK [1][-]{section*.36}{\376\377\000"\006\314\006\251\000\040\006\052\006\061\006\101\006\106\006\057\000\040\006\063\006\047\006\057\006\107\000"\000:\000\040\006\042\006\062\006\105\006\047\006\314\006\064\006\257\006\047\006\107\000\040\006\072\006\060\006\047\000\040\006\110\000\040\006\050\006\061\006\106\006\057\000\040\006\251\006\110\006\061\006\106\006\104}{chapter.3}% ۲۹
\BOOKMARK [1][-]{section*.39}{\376\377\006\052\006\101\006\063\006\314\006\061}{chapter.3}% ۳۰
\BOOKMARK [2][-]{section*.40}{\376\377\006\047\006\056\006\104\006\047\006\102\000\040\006\063\006\110\006\057\006\257\006\061\006\047}{section*.39}% ۳۱
\BOOKMARK [0][-]{chapter.4}{\376\377\006\105\006\057\006\104\040\014\006\107\006\047\006\314\000\040\006\105\006\047\006\064\006\314\006\106\000\040\006\057\006\061\000\040\006\057\006\047\006\057\006\257\006\047\006\107}{}% ۳۲
\BOOKMARK [1][-]{section*.42}{\376\377\006\105\006\055\006\047\006\251\006\105\006\107\040\014\006\107\006\047\006\314\000\040\006\064\006\101\006\047\006\107\006\314\000\040\006\106\006\314\006\251\006\104\006\047\006\063\000\040\006\107\006\314\006\104\006\047\006\061\006\314}{chapter.4}% ۳۳
\BOOKMARK [1][-]{section*.43}{\376\377\006\056\006\067\006\061\006\106\006\047\006\251\000\040\006\052\006\061\006\314\006\106\000\040\006\057\006\047\006\057\006\063\006\052\006\047\006\106\000\040\006\106\006\314\006\110\006\314\006\110\006\061\006\251}{chapter.4}% ۳۴
\BOOKMARK [1][-]{section*.44}{\376\377\006\064\006\110\006\047\006\107\006\057\000\040\000D\000N\000A}{chapter.4}% ۳۵
\BOOKMARK [1][-]{section*.47}{\376\377\006\052\006\101\006\063\006\314\006\061}{chapter.4}% ۳۶
\BOOKMARK [2][-]{section*.48}{\376\377\006\047\006\056\006\104\006\047\006\102\000\040\006\314\006\107\006\110\006\057}{section*.47}% ۳۷
\BOOKMARK [2][-]{section*.49}{\376\377\006\047\006\056\006\104\006\047\006\102\000\040\006\057\006\046\006\110\006\106\006\052\006\110\006\104\006\110\006\230\006\314\006\251}{section*.47}% ۳۸
\BOOKMARK [0][-]{chapter.5}{\376\377\006\061\006\063\006\047\006\106\006\107\040\014\006\107\006\047\006\314\040\014\006\105\006\065\006\106\006\110\006\071\006\314\000\040\006\110\000\040\006\056\006\064\006\110\006\106\006\052\000\040\006\063\006\314\006\047\006\063\006\314}{}% ۳۹
\BOOKMARK [1][-]{section*.51}{\376\377\006\251\006\110\006\057\006\052\006\047\000\040\006\057\006\061\000\040\006\257\006\047\006\050\006\106}{chapter.5}% ۴۰
\BOOKMARK [1][-]{section*.52}{\376\377\006\050\006\110\006\104\006\314\000\040\006\050\006\047\006\314\000\040\000\050\000B\000u\000l\000l\000i\000\040\000B\000a\000i\000\051\000:\000\040\006\101\006\061\006\110\006\064\000\040\006\062\006\106\006\047\006\106\000\040\006\050\006\107\000\040\006\065\006\110\006\061\006\052\000\040\006\105\006\065\006\106\006\110\006\071\006\314\000\040\006\057\006\061\000\040\006\107\006\106\006\057}{chapter.5}% ۴۱
\BOOKMARK [1][-]{section*.53}{\376\377\006\052\006\101\006\063\006\314\006\061}{chapter.5}% ۴۲
\BOOKMARK [2][-]{section*.54}{\376\377\006\047\006\056\006\104\006\047\006\102\000\040\006\101\006\066\006\314\006\104\006\052}{section*.53}% ۴۳
\BOOKMARK [3][-]{section*.55}{\376\377\006\105\006\104\006\047\006\055\006\070\006\047\006\052\000\040\006\251\006\104\006\314\006\057\006\314\000\040\000-\000\040\006\047\006\061\006\062\006\064\000\040\006\055\006\102\006\314\006\102\006\052}{section*.54}% ۴۴
\BOOKMARK [3][-]{section*.56}{\376\377\006\042\006\314\006\047\000\040\006\251\006\104\000\040\006\102\006\066\006\314\006\107\040\014\006\314\000\040\000d\000e\000e\000p\000f\000a\000k\000e\000\040\006\107\006\105\006\314\006\106\000\040\006\047\006\063\006\052\006\037}{section*.54}% ۴۵
\BOOKMARK [2][-]{section*.57}{\376\377\006\047\006\056\006\104\006\047\006\102\000\040\006\042\006\101\006\061\006\314\006\102\006\047\006\314\006\314}{section*.53}% ۴۶
\BOOKMARK [2][-]{section*.58}{\376\377\006\047\006\056\006\104\006\047\006\102\000\040\006\050\006\110\006\105\006\314}{section*.53}% ۴۷
\BOOKMARK [0][-]{chapter.6}{\376\377\006\050\006\314\006\110\006\105\006\052\006\061\006\314\006\251\000\040\006\110\000\040\006\052\006\064\006\056\006\314\006\065\000\040\006\206\006\107\006\061\006\107}{}% ۴۸
\BOOKMARK [1][-]{section*.60}{\376\377\006\064\006\061\006\251\006\052\000\040\000C\000l\000e\000a\000r\000v\000i\000e\000w\000\040\000A\000I}{chapter.6}% ۴۹
\BOOKMARK [1][-]{section*.61}{\376\377\006\050\006\314\006\110\006\105\006\052\006\061\006\314\006\251\000\040\006\110\000\040\006\101\006\106\006\047\006\110\006\061\006\314\000\040\006\052\006\064\006\056\006\314\006\065\000\040\006\206\006\107\006\061\006\107}{chapter.6}% ۵۰
\BOOKMARK [1][-]{section*.62}{\376\377\006\052\006\064\006\056\006\314\006\065\000\040\006\206\006\107\006\061\006\107\000\040\006\110\000\040\006\055\006\101\006\070\000\040\006\055\006\061\006\314\006\105\000\040\006\056\006\065\006\110\006\065\006\314}{chapter.6}% ۵۱
\BOOKMARK [1][-]{section*.63}{\376\377\006\052\006\101\006\063\006\314\006\061}{chapter.6}% ۵۲
\BOOKMARK [2][-]{section*.64}{\376\377\006\047\006\056\006\104\006\047\006\102\000\040\006\050\006\110\006\105\006\314}{section*.63}% ۵۳
\BOOKMARK [2][-]{section*.65}{\376\377\006\050\006\064\006\061\006\057\006\110\006\063\006\052\006\314\000\040\006\110\000\040\006\102\006\110\006\047\006\106\006\314\006\106\000\040\006\057\006\061\006\257\006\314\006\061\006\314\000\040\006\105\006\063\006\104\006\055\006\047\006\106\006\107}{section*.63}% ۵۴
